[2022-06-18 08:12:52,738] {taskinstance.py:1032} INFO - Dependencies all met for <TaskInstance: simple_etl_dag.run_etl_task manual__2022-06-18T08:12:48.330665+00:00 [queued]>
[2022-06-18 08:12:52,798] {taskinstance.py:1032} INFO - Dependencies all met for <TaskInstance: simple_etl_dag.run_etl_task manual__2022-06-18T08:12:48.330665+00:00 [queued]>
[2022-06-18 08:12:52,800] {taskinstance.py:1238} INFO - 
--------------------------------------------------------------------------------
[2022-06-18 08:12:52,802] {taskinstance.py:1239} INFO - Starting attempt 1 of 1
[2022-06-18 08:12:52,804] {taskinstance.py:1240} INFO - 
--------------------------------------------------------------------------------
[2022-06-18 08:12:52,867] {taskinstance.py:1259} INFO - Executing <Task(PythonOperator): run_etl_task> on 2022-06-18 08:12:48.330665+00:00
[2022-06-18 08:12:52,881] {standard_task_runner.py:52} INFO - Started process 3278 to run task
[2022-06-18 08:12:52,902] {standard_task_runner.py:76} INFO - Running: ['***', 'tasks', 'run', 'simple_etl_dag', 'run_etl_task', 'manual__2022-06-18T08:12:48.330665+00:00', '--job-id', '7', '--raw', '--subdir', 'DAGS_FOLDER/simple_etl.py', '--cfg-path', '/tmp/tmpbfj_6fv4', '--error-file', '/tmp/tmpiwh_xl3c']
[2022-06-18 08:12:52,907] {standard_task_runner.py:77} INFO - Job 7: Subtask run_etl_task
[2022-06-18 08:12:53,360] {logging_mixin.py:109} INFO - Running <TaskInstance: simple_etl_dag.run_etl_task manual__2022-06-18T08:12:48.330665+00:00 [running]> on host b7a0af5ee6a4
[2022-06-18 08:12:53,878] {taskinstance.py:1426} INFO - Exporting the following env vars:
AIRFLOW_CTX_DAG_OWNER=Airflow
AIRFLOW_CTX_DAG_ID=simple_etl_dag
AIRFLOW_CTX_TASK_ID=run_etl_task
AIRFLOW_CTX_EXECUTION_DATE=2022-06-18T08:12:48.330665+00:00
AIRFLOW_CTX_DAG_RUN_ID=manual__2022-06-18T08:12:48.330665+00:00
[2022-06-18 08:12:53,885] {logging_mixin.py:109} INFO - >>> Running 'etl' function. Logged at 2022-06-18 08:12:53.884165+00:00
[2022-06-18 08:12:53,887] {logging_mixin.py:109} INFO - >>> Running 'connect_db' function. Logged at 2022-06-18 08:12:53.887333+00:00
[2022-06-18 08:12:53,889] {logging_mixin.py:109} INFO - Connecting to DB
[2022-06-18 08:12:53,917] {logging_mixin.py:109} INFO - >>> Function: 'connect_db' executed. Logged at 2022-06-18 08:12:53.887333+00:00
[2022-06-18 08:12:53,921] {logging_mixin.py:109} INFO - >>> Running 'extract' function. Logged at 2022-06-18 08:12:53.920865+00:00
[2022-06-18 08:12:53,924] {logging_mixin.py:109} INFO - Reading dataset from https://gist.githubusercontent.com/mmphego/5b6fc4d6dc3c8fba4fce9d994a2fe16b/raw/ab5df0e76812e13df5b31e466a5fb787fac0599a/wine_quality.csv
[2022-06-18 08:12:55,395] {logging_mixin.py:109} INFO - >>> Function: 'extract' executed. Logged at 2022-06-18 08:12:53.920865+00:00
[2022-06-18 08:12:55,398] {logging_mixin.py:109} INFO - >>> Running 'transform' function. Logged at 2022-06-18 08:12:55.397771+00:00
[2022-06-18 08:12:55,399] {logging_mixin.py:109} INFO - Transforming data
[2022-06-18 08:12:55,522] {logging_mixin.py:109} INFO - >>> Function: 'transform' executed. Logged at 2022-06-18 08:12:55.397771+00:00
[2022-06-18 08:12:55,524] {logging_mixin.py:109} INFO - >>> Running 'load_to_db' function. Logged at 2022-06-18 08:12:55.523880+00:00
[2022-06-18 08:12:55,525] {logging_mixin.py:109} INFO - Loading dataframe to DB on table: raw_wine_quality_dataset
[2022-06-18 08:12:59,455] {logging_mixin.py:109} INFO - >>> Function: 'load_to_db' executed. Logged at 2022-06-18 08:12:55.523880+00:00
[2022-06-18 08:12:59,465] {logging_mixin.py:109} INFO - >>> Running 'load_to_db' function. Logged at 2022-06-18 08:12:59.465075+00:00
[2022-06-18 08:12:59,469] {logging_mixin.py:109} INFO - Loading dataframe to DB on table: clean_wine_quality_dataset
[2022-06-18 08:13:03,493] {logging_mixin.py:109} INFO - >>> Function: 'load_to_db' executed. Logged at 2022-06-18 08:12:59.465075+00:00
[2022-06-18 08:13:03,495] {logging_mixin.py:109} INFO - >>> Function: 'etl' executed. Logged at 2022-06-18 08:12:53.884165+00:00
[2022-06-18 08:13:03,497] {python.py:175} INFO - Done. Returned value was: None
[2022-06-18 08:13:03,536] {taskinstance.py:1277} INFO - Marking task as SUCCESS. dag_id=simple_etl_dag, task_id=run_etl_task, execution_date=20220618T081248, start_date=20220618T081252, end_date=20220618T081303
[2022-06-18 08:13:03,638] {local_task_job.py:154} INFO - Task exited with return code 0
[2022-06-18 08:13:03,765] {local_task_job.py:264} INFO - 1 downstream tasks scheduled from follow-on schedule check
